# JRE version: OpenJDK Runtime Environment (21.0.8+9) (build 21.0.8+9-Ubuntu-0ubuntu124.04.1)
# Java VM: OpenJDK 64-Bit Server VM (21.0.8+9-Ubuntu-0ubuntu124.04.1, mixed mode, sharing, tiered, compressed oops, compressed class ptrs, g1 gc, linux-amd64)
Heap:
 garbage-first heap   total 512000K, used 54175K [0x0000000610000000, 0x0000000800000000)
  region size 4096K, 11 young (45056K), 2 survivors (8192K)
 Metaspace       used 11647K, committed 11904K, reserved 1114112K
  class space    used 1032K, committed 1152K, reserved 1048576K
GC Heap History (6 events):
Event: 4.682 GC heap before
{Heap before GC invocations=0 (full 0):
 garbage-first heap   total 512000K, used 54322K [0x0000000610000000, 0x0000000800000000)
  region size 4096K, 6 young (24576K), 0 survivors (0K)
 Metaspace       used 10533K, committed 10752K, reserved 1114112K
  class space    used 1026K, committed 1152K, reserved 1048576K
}
Event: 4.688 GC heap after
{Heap after GC invocations=1 (full 0):
 garbage-first heap   total 512000K, used 16547K [0x0000000610000000, 0x0000000800000000)
  region size 4096K, 1 young (4096K), 1 survivors (4096K)
 Metaspace       used 10533K, committed 10752K, reserved 1114112K
  class space    used 1026K, committed 1152K, reserved 1048576K
}
Event: 8.966 GC heap before
{Heap before GC invocations=1 (full 0):
 garbage-first heap   total 512000K, used 53411K [0x0000000610000000, 0x0000000800000000)
  region size 4096K, 10 young (40960K), 1 survivors (4096K)
 Metaspace       used 11186K, committed 11392K, reserved 1114112K
  class space    used 1026K, committed 1152K, reserved 1048576K
}
Event: 8.970 GC heap after
{Heap after GC invocations=2 (full 0):
 garbage-first heap   total 512000K, used 16530K [0x0000000610000000, 0x0000000800000000)
  region size 4096K, 1 young (4096K), 1 survivors (4096K)
 Metaspace       used 11186K, committed 11392K, reserved 1114112K
  class space    used 1026K, committed 1152K, reserved 1048576K
}
Event: 31.352 GC heap before
{Heap before GC invocations=2 (full 0):
 garbage-first heap   total 512000K, used 311442K [0x0000000610000000, 0x0000000800000000)
  region size 4096K, 74 young (303104K), 1 survivors (4096K)
 Metaspace       used 11639K, committed 11904K, reserved 1114112K
  class space    used 1032K, committed 1152K, reserved 1048576K
}
Event: 31.358 GC heap after
{Heap after GC invocations=3 (full 0):
 garbage-first heap   total 512000K, used 20780K [0x0000000610000000, 0x0000000800000000)
  region size 4096K, 2 young (8192K), 2 survivors (8192K)
 Metaspace       used 11639K, committed 11904K, reserved 1114112K
  class space    used 1032K, committed 1152K, reserved 1048576K
}

